11-Nov-25 02:17:24 - INFO - /Users/romane/mediatheque/gestion/views.py changed, reloading.
11-Nov-25 02:21:04 - INFO - /Users/romane/mediatheque/gestion/views.py changed, reloading.
11-Nov-25 02:26:22 - INFO - /Users/romane/mediatheque/gestion/urls.py changed, reloading.
11-Nov-25 02:27:10 - INFO - /Users/romane/mediatheque/gestion/urls.py changed, reloading.
11-Nov-25 02:28:05 - INFO - /Users/romane/mediatheque/gestion/views.py changed, reloading.
11-Nov-25 02:28:46 - INFO - /Users/romane/mediatheque/gestion/views.py changed, reloading.
11-Nov-25 02:31:04 - INFO - /Users/romane/mediatheque/gestion/views.py changed, reloading.
11-Nov-25 02:33:28 - INFO - /Users/romane/mediatheque/gestion/views.py changed, reloading.
11-Nov-25 02:35:43 - INFO - /Users/romane/mediatheque/mediatheque/settings.py changed, reloading.
11-Nov-25 02:36:46 - INFO - /Users/romane/mediatheque/mediatheque/urls.py changed, reloading.
11-Nov-25 02:39:32 - INFO - /Users/romane/mediatheque/gestion/admin.py changed, reloading.
11-Nov-25 02:59:02 - INFO - Membre supprimé : ffff ffff
11-Nov-25 03:00:42 - WARNING - Tentative d'emprunt d'un jeu de plateau.
11-Nov-25 03:00:44 - WARNING - Alice Dupont a tenté d’emprunter alors qu’il a un emprunt en retard.
11-Nov-25 03:56:25 - INFO - Ajout d’un nouveau cd.
11-Nov-25 03:57:51 - INFO - Ajout d’un nouveau cd.
11-Nov-25 03:58:33 - INFO - Ajout d’un nouveau cd.
11-Nov-25 03:59:13 - INFO - Ajout d’un nouveau dvd.
11-Nov-25 03:59:47 - INFO - Ajout d’un nouveau dvd.
11-Nov-25 04:01:00 - INFO - Ajout d’un nouveau dvd.
11-Nov-25 04:02:02 - INFO - Ajout d’un nouveau jeuDePlateau.
11-Nov-25 04:02:37 - INFO - Ajout d’un nouveau jeuDePlateau.
11-Nov-25 04:02:58 - INFO - Ajout d’un nouveau jeuDePlateau.
11-Nov-25 04:03:25 - INFO - Nouveau membre ajouté : Romane D
11-Nov-25 04:03:40 - INFO - Nouveau membre ajouté : Laila M
11-Nov-25 04:03:56 - INFO - Nouveau membre ajouté : Béa E
11-Nov-25 04:04:10 - INFO - Le Petit Prince emprunté par Romane D.
11-Nov-25 04:04:14 - INFO - Suppression du média : Le Petit Prince
11-Nov-25 04:05:21 - INFO - Ajout d’un nouveau livre.
11-Nov-25 04:59:28 - WARNING - Tentative d'emprunt d'un jeu de plateau.
11-Nov-25 04:59:29 - WARNING - Alice Dupont a tenté d’emprunter alors qu’il a un emprunt en retard.
11-Nov-25 05:06:38 - WARNING - Not Found: /
11-Nov-25 05:06:55 - WARNING - Not Found: / admin
